mode: set
backend/business/requests/usecase.go:16.103,21.2 1 1
backend/business/requests/usecase.go:23.87,25.19 2 1
backend/business/requests/usecase.go:28.2,28.25 1 1
backend/business/requests/usecase.go:25.19,27.3 1 1
backend/business/requests/usecase.go:31.94,32.13 1 1
backend/business/requests/usecase.go:36.2,37.19 2 1
backend/business/requests/usecase.go:41.2,41.21 1 1
backend/business/requests/usecase.go:32.13,34.3 1 0
backend/business/requests/usecase.go:37.19,39.3 1 1
backend/business/requests/usecase.go:44.111,45.20 1 1
backend/business/requests/usecase.go:49.2,50.19 2 1
backend/business/requests/usecase.go:53.2,53.21 1 1
backend/business/requests/usecase.go:45.20,47.3 1 0
backend/business/requests/usecase.go:50.19,52.3 1 1
backend/business/requests/usecase.go:56.111,59.20 2 1
backend/business/requests/usecase.go:63.2,64.19 2 1
backend/business/requests/usecase.go:68.2,68.36 1 1
backend/business/requests/usecase.go:72.2,73.16 2 1
backend/business/requests/usecase.go:77.2,77.22 1 1
backend/business/requests/usecase.go:59.20,61.3 1 0
backend/business/requests/usecase.go:64.19,66.3 1 1
backend/business/requests/usecase.go:68.36,70.3 1 1
backend/business/requests/usecase.go:73.16,75.3 1 1
backend/business/requests/usecase.go:80.97,81.27 1 1
backend/business/requests/usecase.go:84.2,84.26 1 1
backend/business/requests/usecase.go:87.2,87.25 1 1
backend/business/requests/usecase.go:91.2,91.26 1 1
backend/business/requests/usecase.go:95.2,96.17 2 1
backend/business/requests/usecase.go:99.2,102.17 3 1
backend/business/requests/usecase.go:105.2,108.19 3 1
backend/business/requests/usecase.go:111.2,111.21 1 1
backend/business/requests/usecase.go:81.27,83.3 1 1
backend/business/requests/usecase.go:84.26,86.3 1 1
backend/business/requests/usecase.go:87.25,90.3 2 1
backend/business/requests/usecase.go:91.26,93.3 1 1
backend/business/requests/usecase.go:96.17,98.3 1 0
backend/business/requests/usecase.go:102.17,104.3 1 0
backend/business/requests/usecase.go:108.19,110.3 1 1
backend/business/requests/usecase.go:114.109,116.25 1 1
backend/business/requests/usecase.go:120.2,121.19 2 1
backend/business/requests/usecase.go:124.2,124.21 1 1
backend/business/requests/usecase.go:116.25,118.3 1 0
backend/business/requests/usecase.go:121.19,123.3 1 1
backend/business/requests/usecase.go:127.109,129.16 2 1
backend/business/requests/usecase.go:132.2,132.21 1 1
backend/business/requests/usecase.go:129.16,131.3 1 1
backend/business/enrollments/usecase.go:15.109,20.2 1 1
backend/business/enrollments/usecase.go:22.91,24.19 2 1
backend/business/enrollments/usecase.go:27.2,27.28 1 1
backend/business/enrollments/usecase.go:24.19,26.3 1 1
backend/business/enrollments/usecase.go:30.101,31.27 1 1
backend/business/enrollments/usecase.go:34.2,34.26 1 1
backend/business/enrollments/usecase.go:38.2,39.17 2 1
backend/business/enrollments/usecase.go:42.2,45.17 3 1
backend/business/enrollments/usecase.go:48.2,51.19 3 1
backend/business/enrollments/usecase.go:54.2,54.20 1 1
backend/business/enrollments/usecase.go:31.27,33.3 1 1
backend/business/enrollments/usecase.go:34.26,36.3 1 1
backend/business/enrollments/usecase.go:39.17,41.3 1 0
backend/business/enrollments/usecase.go:45.17,47.3 1 0
backend/business/enrollments/usecase.go:51.19,53.3 1 1
backend/business/enrollments/usecase.go:57.100,58.27 1 1
backend/business/enrollments/usecase.go:61.2,61.26 1 1
backend/business/enrollments/usecase.go:64.2,64.24 1 1
backend/business/enrollments/usecase.go:67.2,67.25 1 1
backend/business/enrollments/usecase.go:70.2,71.17 2 1
backend/business/enrollments/usecase.go:74.2,77.17 3 1
backend/business/enrollments/usecase.go:80.2,83.19 3 1
backend/business/enrollments/usecase.go:86.2,86.20 1 1
backend/business/enrollments/usecase.go:58.27,60.3 1 1
backend/business/enrollments/usecase.go:61.26,63.3 1 1
backend/business/enrollments/usecase.go:64.24,66.3 1 1
backend/business/enrollments/usecase.go:67.25,69.3 1 1
backend/business/enrollments/usecase.go:71.17,73.3 1 0
backend/business/enrollments/usecase.go:77.17,79.3 1 0
backend/business/enrollments/usecase.go:83.19,85.3 1 1
backend/business/enrollments/usecase.go:89.109,91.16 2 1
backend/business/enrollments/usecase.go:94.2,94.21 1 1
backend/business/enrollments/usecase.go:91.16,93.3 1 1
backend/business/difficulties/usecase.go:13.73,18.2 1 1
backend/business/difficulties/usecase.go:20.78,22.16 2 1
backend/business/difficulties/usecase.go:25.2,25.18 1 1
backend/business/difficulties/usecase.go:22.16,24.3 1 1
backend/business/modules/usecase.go:15.101,20.2 1 1
backend/business/modules/usecase.go:22.85,24.2 1 1
backend/business/modules/usecase.go:26.95,27.26 1 1
backend/business/modules/usecase.go:30.2,30.24 1 1
backend/business/modules/usecase.go:33.2,33.23 1 1
backend/business/modules/usecase.go:37.2,38.17 2 1
backend/business/modules/usecase.go:41.2,44.19 3 1
backend/business/modules/usecase.go:47.2,47.21 1 1
backend/business/modules/usecase.go:27.26,29.3 1 1
backend/business/modules/usecase.go:30.24,32.3 1 1
backend/business/modules/usecase.go:33.23,35.3 1 1
backend/business/modules/usecase.go:38.17,40.3 1 1
backend/business/modules/usecase.go:44.19,46.3 1 1
backend/business/modules/usecase.go:50.107,52.26 2 1
backend/business/modules/usecase.go:55.2,55.24 1 1
backend/business/modules/usecase.go:58.2,58.23 1 1
backend/business/modules/usecase.go:61.2,62.17 2 1
backend/business/modules/usecase.go:65.2,68.19 3 1
backend/business/modules/usecase.go:71.2,71.21 1 1
backend/business/modules/usecase.go:52.26,54.3 1 1
backend/business/modules/usecase.go:55.24,57.3 1 1
backend/business/modules/usecase.go:58.23,60.3 1 1
backend/business/modules/usecase.go:62.17,64.3 1 0
backend/business/modules/usecase.go:68.19,70.3 1 1
backend/business/modules/usecase.go:74.107,76.16 2 1
backend/business/modules/usecase.go:79.2,79.21 1 1
backend/business/modules/usecase.go:76.16,78.3 1 1
backend/business/modules/usecase.go:82.82,84.19 2 1
backend/business/modules/usecase.go:87.2,87.12 1 1
backend/business/modules/usecase.go:84.19,86.3 1 1
backend/business/modules/usecase.go:90.93,92.16 2 1
backend/business/modules/usecase.go:95.2,95.20 1 1
backend/business/modules/usecase.go:92.16,94.3 1 1
backend/business/readings/usecase.go:16.103,21.2 1 1
backend/business/readings/usecase.go:23.95,25.16 2 1
backend/business/readings/usecase.go:28.2,28.20 1 1
backend/business/readings/usecase.go:25.16,27.3 1 1
backend/business/readings/usecase.go:31.97,32.26 1 1
backend/business/readings/usecase.go:35.2,35.24 1 1
backend/business/readings/usecase.go:38.2,38.26 1 1
backend/business/readings/usecase.go:41.2,41.23 1 1
backend/business/readings/usecase.go:45.2,46.17 2 1
backend/business/readings/usecase.go:50.2,53.19 3 1
backend/business/readings/usecase.go:57.2,57.22 1 1
backend/business/readings/usecase.go:32.26,34.3 1 1
backend/business/readings/usecase.go:35.24,37.3 1 1
backend/business/readings/usecase.go:38.26,40.3 1 1
backend/business/readings/usecase.go:41.23,43.3 1 1
backend/business/readings/usecase.go:46.17,49.3 2 0
backend/business/readings/usecase.go:53.19,56.3 2 1
backend/business/readings/usecase.go:60.109,62.26 2 1
backend/business/readings/usecase.go:66.2,66.24 1 1
backend/business/readings/usecase.go:69.2,69.26 1 1
backend/business/readings/usecase.go:72.2,72.23 1 1
backend/business/readings/usecase.go:75.2,76.17 2 1
backend/business/readings/usecase.go:79.2,82.19 3 1
backend/business/readings/usecase.go:85.2,85.22 1 1
backend/business/readings/usecase.go:62.26,65.3 2 1
backend/business/readings/usecase.go:66.24,68.3 1 1
backend/business/readings/usecase.go:69.26,71.3 1 1
backend/business/readings/usecase.go:72.23,74.3 1 1
backend/business/readings/usecase.go:76.17,78.3 1 0
backend/business/readings/usecase.go:82.19,84.3 1 1
backend/business/readings/usecase.go:88.109,90.16 2 1
backend/business/readings/usecase.go:93.2,93.22 1 1
backend/business/readings/usecase.go:90.16,92.3 1 1
backend/business/readings/usecase.go:96.84,98.19 2 1
backend/business/readings/usecase.go:101.2,101.12 1 1
backend/business/readings/usecase.go:98.19,100.3 1 1
backend/business/categories/usecase.go:13.71,18.2 1 1
backend/business/categories/usecase.go:20.76,22.16 2 1
backend/business/categories/usecase.go:25.2,25.18 1 1
backend/business/categories/usecase.go:22.16,24.3 1 1
backend/business/course/usecase.go:15.71,20.2 1 1
backend/business/course/usecase.go:22.85,23.24 1 1
backend/business/course/usecase.go:26.2,26.28 1 1
backend/business/course/usecase.go:29.2,29.27 1 1
backend/business/course/usecase.go:33.2,34.16 2 1
backend/business/course/usecase.go:37.2,37.20 1 1
backend/business/course/usecase.go:23.24,25.3 1 1
backend/business/course/usecase.go:26.28,28.3 1 1
backend/business/course/usecase.go:29.27,31.3 1 1
backend/business/course/usecase.go:34.16,36.3 1 1
backend/business/course/usecase.go:40.79,42.16 2 1
backend/business/course/usecase.go:45.2,45.20 1 1
backend/business/course/usecase.go:42.16,44.3 1 1
backend/business/course/usecase.go:48.136,50.16 2 1
backend/business/course/usecase.go:53.2,53.20 1 1
backend/business/course/usecase.go:50.16,52.3 1 1
backend/business/course/usecase.go:56.88,57.14 1 1
backend/business/course/usecase.go:61.2,62.16 2 1
backend/business/course/usecase.go:66.2,67.16 2 1
backend/business/course/usecase.go:71.2,72.16 2 1
backend/business/course/usecase.go:76.2,77.16 2 1
backend/business/course/usecase.go:81.2,82.16 2 1
backend/business/course/usecase.go:86.2,86.20 1 1
backend/business/course/usecase.go:57.14,59.3 1 1
backend/business/course/usecase.go:62.16,64.3 1 1
backend/business/course/usecase.go:67.16,69.3 1 1
backend/business/course/usecase.go:72.16,74.3 1 1
backend/business/course/usecase.go:77.16,79.3 1 1
backend/business/course/usecase.go:82.16,84.3 1 1
backend/business/course/usecase.go:89.96,90.14 1 1
backend/business/course/usecase.go:93.2,93.24 1 1
backend/business/course/usecase.go:96.2,96.28 1 1
backend/business/course/usecase.go:99.2,99.27 1 1
backend/business/course/usecase.go:103.2,104.16 2 1
backend/business/course/usecase.go:107.2,111.17 3 1
backend/business/course/usecase.go:116.2,117.16 2 1
backend/business/course/usecase.go:121.2,125.16 3 1
backend/business/course/usecase.go:129.2,132.16 3 1
backend/business/course/usecase.go:135.2,135.20 1 1
backend/business/course/usecase.go:90.14,92.3 1 1
backend/business/course/usecase.go:93.24,95.3 1 1
backend/business/course/usecase.go:96.28,98.3 1 1
backend/business/course/usecase.go:99.27,101.3 1 1
backend/business/course/usecase.go:104.16,106.3 1 1
backend/business/course/usecase.go:111.17,113.3 1 1
backend/business/course/usecase.go:117.16,119.3 1 1
backend/business/course/usecase.go:125.16,127.3 1 0
backend/business/course/usecase.go:132.16,134.3 1 1
backend/business/course/usecase.go:138.81,139.14 1 1
backend/business/course/usecase.go:143.2,144.16 2 1
backend/business/course/usecase.go:148.2,149.16 2 1
backend/business/course/usecase.go:153.2,154.24 2 1
backend/business/course/usecase.go:157.2,157.24 1 1
backend/business/course/usecase.go:139.14,141.3 1 1
backend/business/course/usecase.go:144.16,146.3 1 1
backend/business/course/usecase.go:149.16,151.3 1 1
backend/business/course/usecase.go:154.24,156.3 1 0
backend/business/course/usecase.go:160.109,164.16 3 1
backend/business/course/usecase.go:168.2,168.40 1 1
backend/business/course/usecase.go:172.2,173.16 2 1
backend/business/course/usecase.go:176.2,176.20 1 1
backend/business/course/usecase.go:164.16,166.3 1 1
backend/business/course/usecase.go:168.40,170.3 1 1
backend/business/course/usecase.go:173.16,175.3 1 1
backend/business/course/usecase.go:179.109,182.16 2 1
backend/business/course/usecase.go:185.2,185.20 1 1
backend/business/course/usecase.go:182.16,184.3 1 1
backend/business/types/usecase.go:13.67,18.2 1 1
backend/business/types/usecase.go:20.71,22.16 2 1
backend/business/types/usecase.go:25.2,25.18 1 1
backend/business/types/usecase.go:22.16,24.3 1 1
backend/business/videos/usecase.go:16.99,21.2 1 1
backend/business/videos/usecase.go:23.93,24.26 1 1
backend/business/videos/usecase.go:27.2,27.24 1 1
backend/business/videos/usecase.go:30.2,30.26 1 1
backend/business/videos/usecase.go:33.2,33.22 1 1
backend/business/videos/usecase.go:36.2,36.23 1 1
backend/business/videos/usecase.go:40.2,41.17 2 1
backend/business/videos/usecase.go:45.2,48.19 3 1
backend/business/videos/usecase.go:52.2,52.20 1 1
backend/business/videos/usecase.go:24.26,26.3 1 1
backend/business/videos/usecase.go:27.24,29.3 1 1
backend/business/videos/usecase.go:30.26,32.3 1 1
backend/business/videos/usecase.go:33.22,35.3 1 1
backend/business/videos/usecase.go:36.23,38.3 1 1
backend/business/videos/usecase.go:41.17,44.3 2 0
backend/business/videos/usecase.go:48.19,51.3 2 1
backend/business/videos/usecase.go:55.105,57.26 2 1
backend/business/videos/usecase.go:60.2,60.24 1 1
backend/business/videos/usecase.go:63.2,63.26 1 1
backend/business/videos/usecase.go:66.2,66.22 1 1
backend/business/videos/usecase.go:69.2,69.23 1 1
backend/business/videos/usecase.go:73.2,74.17 2 1
backend/business/videos/usecase.go:77.2,80.19 3 1
backend/business/videos/usecase.go:83.2,83.20 1 1
backend/business/videos/usecase.go:57.26,59.3 1 1
backend/business/videos/usecase.go:60.24,62.3 1 1
backend/business/videos/usecase.go:63.26,65.3 1 1
backend/business/videos/usecase.go:66.22,68.3 1 1
backend/business/videos/usecase.go:69.23,71.3 1 1
backend/business/videos/usecase.go:74.17,76.3 1 0
backend/business/videos/usecase.go:80.19,82.3 1 1
backend/business/videos/usecase.go:86.105,88.16 2 1
backend/business/videos/usecase.go:91.2,91.20 1 1
backend/business/videos/usecase.go:88.16,90.3 1 1
backend/business/videos/usecase.go:94.80,96.19 2 1
backend/business/videos/usecase.go:99.2,99.12 1 1
backend/business/videos/usecase.go:96.19,98.3 1 1
backend/business/videos/usecase.go:102.91,104.16 2 1
backend/business/videos/usecase.go:107.2,107.20 1 1
backend/business/videos/usecase.go:104.16,106.3 1 1
backend/business/student/usecase.go:16.101,21.2 1 1
backend/business/student/usecase.go:23.94,24.23 1 1
backend/business/student/usecase.go:27.2,27.24 1 1
backend/business/student/usecase.go:30.2,30.27 1 1
backend/business/student/usecase.go:33.2,36.17 4 1
backend/business/student/usecase.go:39.2,39.17 1 1
backend/business/student/usecase.go:24.23,26.3 1 1
backend/business/student/usecase.go:27.24,29.3 1 1
backend/business/student/usecase.go:30.27,32.3 1 1
backend/business/student/usecase.go:36.17,38.3 1 1
backend/business/student/usecase.go:42.107,44.27 1 1
backend/business/student/usecase.go:58.2,58.23 1 1
backend/business/student/usecase.go:61.2,61.24 1 1
backend/business/student/usecase.go:64.2,64.25 1 1
backend/business/student/usecase.go:67.2,67.24 1 1
backend/business/student/usecase.go:70.2,70.26 1 1
backend/business/student/usecase.go:73.2,73.30 1 1
backend/business/student/usecase.go:78.2,79.17 2 1
backend/business/student/usecase.go:82.2,82.17 1 1
backend/business/student/usecase.go:44.27,46.18 2 1
backend/business/student/usecase.go:49.3,49.66 1 1
backend/business/student/usecase.go:46.18,48.4 1 1
backend/business/student/usecase.go:49.66,51.4 1 1
backend/business/student/usecase.go:51.9,53.4 1 1
backend/business/student/usecase.go:54.8,56.3 1 1
backend/business/student/usecase.go:58.23,60.3 1 1
backend/business/student/usecase.go:61.24,63.3 1 1
backend/business/student/usecase.go:64.25,66.3 1 1
backend/business/student/usecase.go:67.24,69.3 1 1
backend/business/student/usecase.go:70.26,72.3 1 1
backend/business/student/usecase.go:73.30,76.3 2 0
backend/business/student/usecase.go:79.17,81.3 1 1
backend/business/student/usecase.go:85.90,86.24 1 1
backend/business/student/usecase.go:89.2,89.27 1 1
backend/business/student/usecase.go:92.2,93.16 2 1
backend/business/student/usecase.go:96.2,96.17 1 1
backend/business/student/usecase.go:86.24,88.3 1 1
backend/business/student/usecase.go:89.27,91.3 1 1
backend/business/student/usecase.go:93.16,95.3 1 1
backend/business/student/usecase.go:100.89,102.16 2 1
backend/business/student/usecase.go:105.2,105.17 1 1
backend/business/student/usecase.go:102.16,104.3 1 1
backend/business/teacher/usecase.go:16.101,21.2 1 1
backend/business/teacher/usecase.go:23.101,24.23 1 1
backend/business/teacher/usecase.go:27.2,27.24 1 1
backend/business/teacher/usecase.go:30.2,30.27 1 1
backend/business/teacher/usecase.go:33.2,36.16 4 1
backend/business/teacher/usecase.go:39.2,39.17 1 1
backend/business/teacher/usecase.go:24.23,26.3 1 1
backend/business/teacher/usecase.go:27.24,29.3 1 1
backend/business/teacher/usecase.go:30.27,32.3 1 1
backend/business/teacher/usecase.go:36.16,38.3 1 1
backend/business/teacher/usecase.go:42.107,44.27 1 1
backend/business/teacher/usecase.go:58.2,58.23 1 1
backend/business/teacher/usecase.go:61.2,61.24 1 1
backend/business/teacher/usecase.go:64.2,64.25 1 1
backend/business/teacher/usecase.go:67.2,67.24 1 1
backend/business/teacher/usecase.go:70.2,70.26 1 1
backend/business/teacher/usecase.go:73.2,73.29 1 1
backend/business/teacher/usecase.go:76.2,76.30 1 1
backend/business/teacher/usecase.go:81.2,82.16 2 1
backend/business/teacher/usecase.go:85.2,85.17 1 1
backend/business/teacher/usecase.go:44.27,46.18 2 1
backend/business/teacher/usecase.go:49.3,49.66 1 1
backend/business/teacher/usecase.go:46.18,48.4 1 1
backend/business/teacher/usecase.go:49.66,51.4 1 1
backend/business/teacher/usecase.go:51.9,53.4 1 1
backend/business/teacher/usecase.go:54.8,56.3 1 1
backend/business/teacher/usecase.go:58.23,60.3 1 1
backend/business/teacher/usecase.go:61.24,63.3 1 1
backend/business/teacher/usecase.go:64.25,66.3 1 1
backend/business/teacher/usecase.go:67.24,69.3 1 1
backend/business/teacher/usecase.go:70.26,72.3 1 1
backend/business/teacher/usecase.go:73.29,75.3 1 0
backend/business/teacher/usecase.go:76.30,79.3 2 0
backend/business/teacher/usecase.go:82.16,84.3 1 1
backend/business/teacher/usecase.go:88.97,89.24 1 1
backend/business/teacher/usecase.go:92.2,92.27 1 1
backend/business/teacher/usecase.go:95.2,96.16 2 1
backend/business/teacher/usecase.go:99.2,99.17 1 1
backend/business/teacher/usecase.go:89.24,91.3 1 1
backend/business/teacher/usecase.go:92.27,94.3 1 1
backend/business/teacher/usecase.go:96.16,98.3 1 1
backend/business/teacher/usecase.go:103.96,105.16 2 1
backend/business/teacher/usecase.go:108.2,108.17 1 1
backend/business/teacher/usecase.go:105.16,107.3 1 1
